Started GET "/" for 127.0.0.1 at 2016-10-08 17:29:05 -0700
Processing by Rails::WelcomeController#index as HTML
  Parameters: {"internal"=>true}
  Rendering /var/lib/gems/2.2.0/gems/railties-5.0.0.1/lib/rails/templates/rails/welcome/index.html.erb
  Rendered /var/lib/gems/2.2.0/gems/railties-5.0.0.1/lib/rails/templates/rails/welcome/index.html.erb (9.2ms)
Completed 200 OK in 22ms (Views: 15.2ms | ActiveRecord: 0.0ms)


Started GET "/" for 127.0.0.1 at 2016-10-08 18:03:59 -0700
Processing by Rails::WelcomeController#index as HTML
  Parameters: {"internal"=>true}
  Rendering /var/lib/gems/2.2.0/gems/railties-5.0.0.1/lib/rails/templates/rails/welcome/index.html.erb
  Rendered /var/lib/gems/2.2.0/gems/railties-5.0.0.1/lib/rails/templates/rails/welcome/index.html.erb (4.9ms)
Completed 200 OK in 14ms (Views: 7.2ms | ActiveRecord: 0.0ms)




Started GET "/" for 127.0.0.1 at 2016-10-08 18:07:20 -0700
  [1m[36mActiveRecord::SchemaMigration Load (14.5ms)[0m  [1mSELECT `schema_migrations`.* FROM `schema_migrations`[0m
Processing by BidItemsController#index as HTML
  [1m[35mBidItem Load (0.4ms)[0m  SELECT `bid_items`.* FROM `bid_items`
  Rendered bid_items/index.html.erb within layouts/application (10.6ms)
Completed 200 OK in 564ms (Views: 554.6ms | ActiveRecord: 1.6ms)


Started GET "/assets/application.css?body=1" for 127.0.0.1 at 2016-10-08 18:07:21 -0700


Started GET "/assets/bid_items.css?body=1" for 127.0.0.1 at 2016-10-08 18:07:21 -0700


Started GET "/assets/custom.css?body=1" for 127.0.0.1 at 2016-10-08 18:07:21 -0700


Started GET "/assets/scaffolds.css?body=1" for 127.0.0.1 at 2016-10-08 18:07:21 -0700


Started GET "/assets/histories.css?body=1" for 127.0.0.1 at 2016-10-08 18:07:21 -0700


Started GET "/assets/users.css?body=1" for 127.0.0.1 at 2016-10-08 18:07:21 -0700


Started GET "/assets/jquery_ujs.js?body=1" for 127.0.0.1 at 2016-10-08 18:07:21 -0700


Started GET "/assets/histories.js?body=1" for 127.0.0.1 at 2016-10-08 18:07:21 -0700


Started GET "/assets/jquery.js?body=1" for 127.0.0.1 at 2016-10-08 18:07:21 -0700


Started GET "/assets/bootstrap-sprockets" for 127.0.0.1 at 2016-10-08 18:07:21 -0700

ActionController::RoutingError (No route matches [GET] "/assets/bootstrap-sprockets"):
  actionpack (4.0.2) lib/action_dispatch/middleware/debug_exceptions.rb:21:in `call'
  actionpack (4.0.2) lib/action_dispatch/middleware/show_exceptions.rb:30:in `call'
  railties (4.0.2) lib/rails/rack/logger.rb:38:in `call_app'
  railties (4.0.2) lib/rails/rack/logger.rb:20:in `block in call'
  activesupport (4.0.2) lib/active_support/tagged_logging.rb:67:in `block in tagged'
  activesupport (4.0.2) lib/active_support/tagged_logging.rb:25:in `tagged'
  activesupport (4.0.2) lib/active_support/tagged_logging.rb:67:in `tagged'
  railties (4.0.2) lib/rails/rack/logger.rb:20:in `call'
  actionpack (4.0.2) lib/action_dispatch/middleware/request_id.rb:21:in `call'
  rack (1.5.5) lib/rack/methodoverride.rb:21:in `call'
  rack (1.5.5) lib/rack/runtime.rb:17:in `call'
  activesupport (4.0.2) lib/active_support/cache/strategy/local_cache.rb:83:in `call'
  rack (1.5.5) lib/rack/lock.rb:17:in `call'
  actionpack (4.0.2) lib/action_dispatch/middleware/static.rb:64:in `call'
  rack (1.5.5) lib/rack/sendfile.rb:112:in `call'
  railties (4.0.2) lib/rails/engine.rb:511:in `call'
  railties (4.0.2) lib/rails/application.rb:97:in `call'
  rack (1.5.5) lib/rack/lock.rb:17:in `call'
  rack (1.5.5) lib/rack/content_length.rb:14:in `call'
  rack (1.5.5) lib/rack/handler/webrick.rb:60:in `service'
  /usr/lib/ruby/2.2.0/webrick/httpserver.rb:138:in `service'
  /usr/lib/ruby/2.2.0/webrick/httpserver.rb:94:in `run'
  /usr/lib/ruby/2.2.0/webrick/server.rb:294:in `block in start_thread'


  Rendered /var/lib/gems/2.2.0/gems/actionpack-4.0.2/lib/action_dispatch/middleware/templates/rescues/_trace.erb (0.7ms)
  Rendered /var/lib/gems/2.2.0/gems/actionpack-4.0.2/lib/action_dispatch/middleware/templates/routes/_route.html.erb (2.1ms)
  Rendered /var/lib/gems/2.2.0/gems/actionpack-4.0.2/lib/action_dispatch/middleware/templates/routes/_table.html.erb (5.9ms)
  Rendered /var/lib/gems/2.2.0/gems/actionpack-4.0.2/lib/action_dispatch/middleware/templates/rescues/routing_error.erb within rescues/layout (21.8ms)


Started GET "/assets/bootstrap" for 127.0.0.1 at 2016-10-08 18:07:21 -0700

ActionController::RoutingError (No route matches [GET] "/assets/bootstrap"):
  actionpack (4.0.2) lib/action_dispatch/middleware/debug_exceptions.rb:21:in `call'
  actionpack (4.0.2) lib/action_dispatch/middleware/show_exceptions.rb:30:in `call'
  railties (4.0.2) lib/rails/rack/logger.rb:38:in `call_app'
  railties (4.0.2) lib/rails/rack/logger.rb:20:in `block in call'
  activesupport (4.0.2) lib/active_support/tagged_logging.rb:67:in `block in tagged'
  activesupport (4.0.2) lib/active_support/tagged_logging.rb:25:in `tagged'
  activesupport (4.0.2) lib/active_support/tagged_logging.rb:67:in `tagged'
  railties (4.0.2) lib/rails/rack/logger.rb:20:in `call'
  actionpack (4.0.2) lib/action_dispatch/middleware/request_id.rb:21:in `call'
  rack (1.5.5) lib/rack/methodoverride.rb:21:in `call'
  rack (1.5.5) lib/rack/runtime.rb:17:in `call'
  activesupport (4.0.2) lib/active_support/cache/strategy/local_cache.rb:83:in `call'
  rack (1.5.5) lib/rack/lock.rb:17:in `call'
  actionpack (4.0.2) lib/action_dispatch/middleware/static.rb:64:in `call'
  rack (1.5.5) lib/rack/sendfile.rb:112:in `call'
  railties (4.0.2) lib/rails/engine.rb:511:in `call'
  railties (4.0.2) lib/rails/application.rb:97:in `call'
  rack (1.5.5) lib/rack/lock.rb:17:in `call'
  rack (1.5.5) lib/rack/content_length.rb:14:in `call'
  rack (1.5.5) lib/rack/handler/webrick.rb:60:in `service'
  /usr/lib/ruby/2.2.0/webrick/httpserver.rb:138:in `service'
  /usr/lib/ruby/2.2.0/webrick/httpserver.rb:94:in `run'
  /usr/lib/ruby/2.2.0/webrick/server.rb:294:in `block in start_thread'


  Rendered /var/lib/gems/2.2.0/gems/actionpack-4.0.2/lib/action_dispatch/middleware/templates/rescues/_trace.erb (1.4ms)
  Rendered /var/lib/gems/2.2.0/gems/actionpack-4.0.2/lib/action_dispatch/middleware/templates/routes/_route.html.erb (1.7ms)
  Rendered /var/lib/gems/2.2.0/gems/actionpack-4.0.2/lib/action_dispatch/middleware/templates/routes/_table.html.erb (2.3ms)
  Rendered /var/lib/gems/2.2.0/gems/actionpack-4.0.2/lib/action_dispatch/middleware/templates/rescues/routing_error.erb within rescues/layout (16.6ms)


Started GET "/assets/turbolinks.js?body=1" for 127.0.0.1 at 2016-10-08 18:07:21 -0700


Started GET "/assets/bid_items.js?body=1" for 127.0.0.1 at 2016-10-08 18:07:21 -0700


Started GET "/assets/users.js?body=1" for 127.0.0.1 at 2016-10-08 18:07:21 -0700


Started GET "/assets/application.js?body=1" for 127.0.0.1 at 2016-10-08 18:07:21 -0700


Started GET "/bid_items/2" for 127.0.0.1 at 2016-10-08 18:07:24 -0700
Processing by BidItemsController#show as HTML
  Parameters: {"id"=>"2"}
  [1m[36mBidItem Load (0.4ms)[0m  [1mSELECT `bid_items`.* FROM `bid_items` WHERE `bid_items`.`id` = 2 LIMIT 1[0m
  Rendered bid_items/show.html.erb within layouts/application (0.7ms)
Completed 200 OK in 7ms (Views: 4.9ms | ActiveRecord: 0.4ms)
Started GET "/" for 127.0.0.1 at 2016-10-11 15:35:17 -0700
Processing by StaticPagesController#home as HTML
  Rendering static_pages/home.html.erb within layouts/application
  Rendered static_pages/home.html.erb within layouts/application (6.0ms)
  Rendered layouts/_rails_default.html.erb (2678.9ms)
  Rendered layouts/_shim.html.erb (0.2ms)
  Rendered layouts/_header.html.erb (0.5ms)
  Rendered layouts/_footer.html.erb (0.3ms)
Completed 200 OK in 2703ms (Views: 2695.3ms | ActiveRecord: 0.0ms)


Started GET "/" for 127.0.0.1 at 2016-10-11 15:35:21 -0700
Processing by StaticPagesController#home as HTML
  Rendering static_pages/home.html.erb within layouts/application
  Rendered static_pages/home.html.erb within layouts/application (0.4ms)
  Rendered layouts/_rails_default.html.erb (25.1ms)
  Rendered layouts/_shim.html.erb (0.4ms)
  Rendered layouts/_header.html.erb (0.6ms)
  Rendered layouts/_footer.html.erb (0.3ms)
Completed 200 OK in 32ms (Views: 30.4ms | ActiveRecord: 0.0ms)


Started GET "/" for 127.0.0.1 at 2016-10-11 15:35:22 -0700
Processing by StaticPagesController#home as HTML
  Rendering static_pages/home.html.erb within layouts/application
  Rendered static_pages/home.html.erb within layouts/application (0.5ms)
  Rendered layouts/_rails_default.html.erb (30.8ms)
  Rendered layouts/_shim.html.erb (0.5ms)
  Rendered layouts/_header.html.erb (0.7ms)
  Rendered layouts/_footer.html.erb (0.3ms)
Completed 200 OK in 39ms (Views: 37.0ms | ActiveRecord: 0.0ms)


Started GET "/" for 127.0.0.1 at 2016-10-11 15:35:24 -0700
Processing by StaticPagesController#home as HTML
  Rendering static_pages/home.html.erb within layouts/application
  Rendered static_pages/home.html.erb within layouts/application (1.1ms)
  Rendered layouts/_rails_default.html.erb (30.7ms)
  Rendered layouts/_shim.html.erb (0.3ms)
  Rendered layouts/_header.html.erb (0.6ms)
  Rendered layouts/_footer.html.erb (0.4ms)
Completed 200 OK in 45ms (Views: 42.5ms | ActiveRecord: 0.0ms)


Started GET "/help" for 127.0.0.1 at 2016-10-11 15:35:24 -0700
Processing by StaticPagesController#help as HTML
  Rendering static_pages/help.html.erb within layouts/application
  Rendered static_pages/help.html.erb within layouts/application (0.3ms)
  Rendered layouts/_rails_default.html.erb (27.5ms)
  Rendered layouts/_shim.html.erb (0.2ms)
  Rendered layouts/_header.html.erb (0.6ms)
  Rendered layouts/_footer.html.erb (0.4ms)
Completed 200 OK in 35ms (Views: 32.7ms | ActiveRecord: 0.0ms)


Started GET "/" for 127.0.0.1 at 2016-10-11 15:35:25 -0700
Processing by StaticPagesController#home as HTML
  Rendering static_pages/home.html.erb within layouts/application
  Rendered static_pages/home.html.erb within layouts/application (0.5ms)
  Rendered layouts/_rails_default.html.erb (19.9ms)
  Rendered layouts/_shim.html.erb (0.8ms)
  Rendered layouts/_header.html.erb (0.9ms)
  Rendered layouts/_footer.html.erb (0.4ms)
Completed 200 OK in 30ms (Views: 27.7ms | ActiveRecord: 0.0ms)


Started GET "/" for 127.0.0.1 at 2016-10-11 15:35:26 -0700
Processing by StaticPagesController#home as HTML
  Rendering static_pages/home.html.erb within layouts/application
  Rendered static_pages/home.html.erb within layouts/application (0.4ms)
  Rendered layouts/_rails_default.html.erb (26.2ms)
  Rendered layouts/_shim.html.erb (0.2ms)
  Rendered layouts/_header.html.erb (0.5ms)
  Rendered layouts/_footer.html.erb (0.4ms)
Completed 200 OK in 34ms (Views: 31.4ms | ActiveRecord: 0.0ms)


Started GET "/" for 127.0.0.1 at 2016-10-11 15:35:27 -0700
Processing by StaticPagesController#home as HTML
  Rendering static_pages/home.html.erb within layouts/application
  Rendered static_pages/home.html.erb within layouts/application (0.7ms)
  Rendered layouts/_rails_default.html.erb (25.5ms)
  Rendered layouts/_shim.html.erb (0.3ms)
  Rendered layouts/_header.html.erb (0.6ms)
  Rendered layouts/_footer.html.erb (0.3ms)
Completed 200 OK in 32ms (Views: 31.4ms | ActiveRecord: 0.0ms)


Started GET "/about" for 127.0.0.1 at 2016-10-11 15:35:28 -0700
Processing by StaticPagesController#about as HTML
  Rendering static_pages/about.html.erb within layouts/application
  Rendered static_pages/about.html.erb within layouts/application (0.4ms)
  Rendered layouts/_rails_default.html.erb (25.5ms)
  Rendered layouts/_shim.html.erb (0.3ms)
  Rendered layouts/_header.html.erb (0.5ms)
  Rendered layouts/_footer.html.erb (0.3ms)
Completed 200 OK in 32ms (Views: 31.3ms | ActiveRecord: 0.0ms)


Started GET "/" for 127.0.0.1 at 2016-10-11 15:35:30 -0700
Processing by StaticPagesController#home as HTML
  Rendering static_pages/home.html.erb within layouts/application
  Rendered static_pages/home.html.erb within layouts/application (0.4ms)
  Rendered layouts/_rails_default.html.erb (26.7ms)
  Rendered layouts/_shim.html.erb (0.2ms)
  Rendered layouts/_header.html.erb (0.5ms)
  Rendered layouts/_footer.html.erb (0.4ms)
Completed 200 OK in 33ms (Views: 32.3ms | ActiveRecord: 0.0ms)


Started GET "/" for 127.0.0.1 at 2016-10-11 15:37:07 -0700
Processing by StaticPagesController#home as HTML
  Rendering static_pages/home.html.erb within layouts/application
  Rendered static_pages/home.html.erb within layouts/application (6.4ms)
  Rendered layouts/_rails_default.html.erb (213.3ms)
  Rendered layouts/_shim.html.erb (0.3ms)
  Rendered layouts/_header.html.erb (0.6ms)
  Rendered layouts/_footer.html.erb (0.4ms)
Completed 200 OK in 239ms (Views: 230.0ms | ActiveRecord: 0.0ms)


Started GET "/" for 127.0.0.1 at 2016-10-11 17:11:39 -0700
Processing by StaticPagesController#home as HTML
  Rendering static_pages/home.html.erb within layouts/application
  Rendered static_pages/home.html.erb within layouts/application (6.6ms)
  Rendered layouts/_rails_default.html.erb (206.2ms)
  Rendered layouts/_shim.html.erb (0.3ms)
  Rendered layouts/_header.html.erb (0.7ms)
  Rendered layouts/_footer.html.erb (1.3ms)
Completed 200 OK in 233ms (Views: 223.7ms | ActiveRecord: 0.0ms)


Started GET "/" for 127.0.0.1 at 2016-10-11 17:19:46 -0700
Processing by StaticPagesController#home as HTML
  Rendering static_pages/home.html.erb within layouts/application
  Rendered static_pages/home.html.erb within layouts/application (6.1ms)
  Rendered layouts/_rails_default.html.erb (234.6ms)
  Rendered layouts/_shim.html.erb (0.3ms)
  Rendered layouts/_header.html.erb (0.6ms)
  Rendered layouts/_footer.html.erb (0.4ms)
Completed 200 OK in 259ms (Views: 250.7ms | ActiveRecord: 0.0ms)


Started GET "/" for 127.0.0.1 at 2016-10-12 19:28:22 -0700
Processing by StaticPagesController#home as HTML
  Rendering static_pages/home.html.erb within layouts/application
  Rendered static_pages/home.html.erb within layouts/application (8.0ms)
  Rendered layouts/_rails_default.html.erb (733.8ms)
  Rendered layouts/_shim.html.erb (0.8ms)
  Rendered layouts/_header.html.erb (1.8ms)
  Rendered layouts/_footer.html.erb (0.8ms)
Completed 200 OK in 766ms (Views: 757.0ms | ActiveRecord: 0.0ms)


  [1m[35m (152.3ms)[0m  [1m[35mCREATE TABLE "schema_migrations" ("version" varchar NOT NULL PRIMARY KEY)[0m
  [1m[35m (128.9ms)[0m  [1m[35mCREATE TABLE "ar_internal_metadata" ("key" varchar NOT NULL PRIMARY KEY, "value" varchar, "created_at" datetime NOT NULL, "updated_at" datetime NOT NULL)[0m
  [1m[36mActiveRecord::SchemaMigration Load (0.3ms)[0m  [1m[34mSELECT "schema_migrations".* FROM "schema_migrations"[0m
Migrating to CreateBidItems (20161013023019)
  [1m[35m (0.1ms)[0m  [1m[36mbegin transaction[0m
  [1m[35m (1.2ms)[0m  [1m[35mCREATE TABLE "bid_items" ("id" INTEGER PRIMARY KEY AUTOINCREMENT NOT NULL, "name" varchar, "price" integer, "saler_id" integer, "bidder_id" integer, "description" varchar, "created_at" datetime NOT NULL, "updated_at" datetime NOT NULL)[0m
  [1m[35mSQL (0.2ms)[0m  [1m[32mINSERT INTO "schema_migrations" ("version") VALUES (?)[0m  [["version", "20161013023019"]]
  [1m[35m (114.6ms)[0m  [1m[36mcommit transaction[0m
  [1m[36mActiveRecord::InternalMetadata Load (0.3ms)[0m  [1m[34mSELECT  "ar_internal_metadata".* FROM "ar_internal_metadata" WHERE "ar_internal_metadata"."key" = ? LIMIT ?[0m  [["key", :environment], ["LIMIT", 1]]
  [1m[35m (0.1ms)[0m  [1m[36mbegin transaction[0m
  [1m[35mSQL (0.4ms)[0m  [1m[32mINSERT INTO "ar_internal_metadata" ("key", "value", "created_at", "updated_at") VALUES (?, ?, ?, ?)[0m  [["key", "environment"], ["value", "development"], ["created_at", 2016-10-13 02:30:32 UTC], ["updated_at", 2016-10-13 02:30:32 UTC]]
  [1m[35m (137.7ms)[0m  [1m[36mcommit transaction[0m
  [1m[36mActiveRecord::SchemaMigration Load (0.2ms)[0m  [1m[34mSELECT "schema_migrations".* FROM "schema_migrations"[0m
Started GET "/" for 127.0.0.1 at 2016-10-12 19:36:10 -0700
  [1m[36mActiveRecord::SchemaMigration Load (0.1ms)[0m  [1m[34mSELECT "schema_migrations".* FROM "schema_migrations"[0m
Processing by StaticPagesController#home as HTML
  Rendering static_pages/home.html.erb within layouts/application
  Rendered static_pages/home.html.erb within layouts/application (6.6ms)
  Rendered layouts/_rails_default.html.erb (446.0ms)
  Rendered layouts/_shim.html.erb (0.3ms)
  Rendered layouts/_header.html.erb (0.8ms)
  Rendered layouts/_footer.html.erb (0.7ms)
Completed 200 OK in 472ms (Views: 463.0ms | ActiveRecord: 0.0ms)


Started GET "/bid_items" for 127.0.0.1 at 2016-10-12 19:36:12 -0700
Processing by BidItemsController#index as HTML
  Rendering bid_items/index.html.erb within layouts/application
  [1m[36mBidItem Load (0.1ms)[0m  [1m[34mSELECT "bid_items".* FROM "bid_items"[0m
  Rendered bid_items/index.html.erb within layouts/application (3.6ms)
  Rendered layouts/_rails_default.html.erb (42.2ms)
  Rendered layouts/_shim.html.erb (0.5ms)
  Rendered layouts/_header.html.erb (0.7ms)
  Rendered layouts/_footer.html.erb (0.6ms)
Completed 200 OK in 58ms (Views: 52.2ms | ActiveRecord: 0.3ms)


Started GET "/" for 127.0.0.1 at 2016-10-12 19:36:16 -0700
Processing by StaticPagesController#home as HTML
  Rendering static_pages/home.html.erb within layouts/application
  Rendered static_pages/home.html.erb within layouts/application (1.8ms)
  Rendered layouts/_rails_default.html.erb (25.5ms)
  Rendered layouts/_shim.html.erb (0.3ms)
  Rendered layouts/_header.html.erb (0.5ms)
  Rendered layouts/_footer.html.erb (0.3ms)
Completed 200 OK in 34ms (Views: 33.4ms | ActiveRecord: 0.0ms)


Started GET "/bid_items" for 127.0.0.1 at 2016-10-12 19:36:18 -0700
Processing by BidItemsController#index as HTML
  Rendering bid_items/index.html.erb within layouts/application
  [1m[36mBidItem Load (0.1ms)[0m  [1m[34mSELECT "bid_items".* FROM "bid_items"[0m
  Rendered bid_items/index.html.erb within layouts/application (1.6ms)
  Rendered layouts/_rails_default.html.erb (30.1ms)
  Rendered layouts/_shim.html.erb (0.2ms)
  Rendered layouts/_header.html.erb (0.5ms)
  Rendered layouts/_footer.html.erb (0.3ms)
Completed 200 OK in 38ms (Views: 36.7ms | ActiveRecord: 0.1ms)


Started GET "/" for 127.0.0.1 at 2016-10-12 19:38:53 -0700
  [1m[36mActiveRecord::SchemaMigration Load (0.1ms)[0m  [1m[34mSELECT "schema_migrations".* FROM "schema_migrations"[0m
Processing by StaticPagesController#home as HTML
  Rendering static_pages/home.html.erb within layouts/application
  Rendered static_pages/home.html.erb within layouts/application (6.3ms)
  Rendered layouts/_rails_default.html.erb (202.2ms)
  Rendered layouts/_shim.html.erb (0.3ms)
  Rendered layouts/_header.html.erb (0.6ms)
  Rendered layouts/_footer.html.erb (0.4ms)
Completed 200 OK in 227ms (Views: 218.4ms | ActiveRecord: 0.0ms)


Started GET "/bid_items" for 127.0.0.1 at 2016-10-12 19:38:54 -0700
Processing by BidItemsController#index as HTML
  Rendering bid_items/index.html.erb within layouts/application
  [1m[36mBidItem Load (0.1ms)[0m  [1m[34mSELECT "bid_items".* FROM "bid_items"[0m
  Rendered bid_items/index.html.erb within layouts/application (2.0ms)
  Rendered layouts/_rails_default.html.erb (47.2ms)
  Rendered layouts/_shim.html.erb (0.2ms)
  Rendered layouts/_header.html.erb (0.7ms)
  Rendered layouts/_footer.html.erb (0.6ms)
Completed 200 OK in 59ms (Views: 55.3ms | ActiveRecord: 0.3ms)


Started GET "/bid_items/new" for 127.0.0.1 at 2016-10-12 20:07:20 -0700
  [1m[36mActiveRecord::SchemaMigration Load (0.1ms)[0m  [1m[34mSELECT "schema_migrations".* FROM "schema_migrations"[0m
Processing by BidItemsController#new as HTML
  Rendering bid_items/new.html.erb within layouts/application
  Rendered bid_items/_form.html.erb (253.3ms)
  Rendered bid_items/new.html.erb within layouts/application (255.1ms)
  Rendered layouts/_rails_default.html.erb (187.9ms)
  Rendered layouts/_shim.html.erb (0.3ms)
  Rendered layouts/_header.html.erb (0.5ms)
  Rendered layouts/_footer.html.erb (0.4ms)
Completed 200 OK in 473ms (Views: 452.3ms | ActiveRecord: 0.5ms)


Started POST "/bid_items" for 127.0.0.1 at 2016-10-12 20:07:54 -0700
Processing by BidItemsController#create as HTML
  Parameters: {"utf8"=>"✓", "authenticity_token"=>"32v0qOnmc6pu7oM3z9JQxwyHkVq6zRRASCZKK0SBfjlPhUXvgxjypU4jiR/g6prxVxev/OgZ9LzzTwI0qITT2Q==", "bid_item"=>{"name"=>"test", "price"=>"123", "saler_id"=>"123123", "bidder_id"=>"123123", "description"=>"123123"}, "commit"=>"Create Bid item"}
  [1m[35m (0.2ms)[0m  [1m[36mbegin transaction[0m
  [1m[35mSQL (0.3ms)[0m  [1m[32mINSERT INTO "bid_items" ("name", "price", "saler_id", "bidder_id", "description", "created_at", "updated_at") VALUES (?, ?, ?, ?, ?, ?, ?)[0m  [["name", "test"], ["price", 123], ["saler_id", 123123], ["bidder_id", 123123], ["description", "123123"], ["created_at", 2016-10-13 03:07:54 UTC], ["updated_at", 2016-10-13 03:07:54 UTC]]
  [1m[35m (217.1ms)[0m  [1m[36mcommit transaction[0m
Redirected to http://localhost:3000/bid_items/1
Completed 302 Found in 232ms (ActiveRecord: 217.6ms)


Started GET "/bid_items/1" for 127.0.0.1 at 2016-10-12 20:07:55 -0700
Processing by BidItemsController#show as HTML
  Parameters: {"id"=>"1"}
  [1m[36mBidItem Load (0.4ms)[0m  [1m[34mSELECT  "bid_items".* FROM "bid_items" WHERE "bid_items"."id" = ? LIMIT ?[0m  [["id", 1], ["LIMIT", 1]]
  Rendering bid_items/show.html.erb within layouts/application
  Rendered bid_items/show.html.erb within layouts/application (2.5ms)
  Rendered layouts/_rails_default.html.erb (50.2ms)
  Rendered layouts/_shim.html.erb (0.2ms)
  Rendered layouts/_header.html.erb (1.1ms)
  Rendered layouts/_footer.html.erb (0.4ms)
Completed 200 OK in 81ms (Views: 65.5ms | ActiveRecord: 0.4ms)


Started GET "/bid_items" for 127.0.0.1 at 2016-10-12 20:07:57 -0700
Processing by BidItemsController#index as HTML
  Rendering bid_items/index.html.erb within layouts/application
  [1m[36mBidItem Load (0.2ms)[0m  [1m[34mSELECT "bid_items".* FROM "bid_items"[0m
  Rendered bid_items/index.html.erb within layouts/application (2.8ms)
  Rendered layouts/_rails_default.html.erb (33.4ms)
  Rendered layouts/_shim.html.erb (0.2ms)
  Rendered layouts/_header.html.erb (0.5ms)
  Rendered layouts/_footer.html.erb (0.4ms)
Completed 200 OK in 44ms (Views: 42.8ms | ActiveRecord: 0.2ms)


Started GET "/bid_items/1" for 127.0.0.1 at 2016-10-12 20:07:59 -0700
Processing by BidItemsController#show as HTML
  Parameters: {"id"=>"1"}
  [1m[36mBidItem Load (0.3ms)[0m  [1m[34mSELECT  "bid_items".* FROM "bid_items" WHERE "bid_items"."id" = ? LIMIT ?[0m  [["id", 1], ["LIMIT", 1]]
  Rendering bid_items/show.html.erb within layouts/application
  Rendered bid_items/show.html.erb within layouts/application (1.2ms)
  Rendered layouts/_rails_default.html.erb (31.0ms)
  Rendered layouts/_shim.html.erb (0.2ms)
  Rendered layouts/_header.html.erb (0.4ms)
  Rendered layouts/_footer.html.erb (0.3ms)
Completed 200 OK in 40ms (Views: 38.0ms | ActiveRecord: 0.3ms)


Started GET "/bid_items" for 127.0.0.1 at 2016-10-12 20:08:02 -0700
Processing by BidItemsController#index as HTML
  Rendering bid_items/index.html.erb within layouts/application
  [1m[36mBidItem Load (0.3ms)[0m  [1m[34mSELECT "bid_items".* FROM "bid_items"[0m
  Rendered bid_items/index.html.erb within layouts/application (2.1ms)
  Rendered layouts/_rails_default.html.erb (21.0ms)
  Rendered layouts/_shim.html.erb (0.7ms)
  Rendered layouts/_header.html.erb (0.5ms)
  Rendered layouts/_footer.html.erb (0.3ms)
Completed 200 OK in 31ms (Views: 29.3ms | ActiveRecord: 0.3ms)


Started GET "/" for 127.0.0.1 at 2016-10-13 09:13:35 -0700
  [1m[36mActiveRecord::SchemaMigration Load (0.2ms)[0m  [1m[34mSELECT "schema_migrations".* FROM "schema_migrations"[0m
Processing by StaticPagesController#home as HTML
  Rendering static_pages/home.html.erb within layouts/application
  Rendered static_pages/home.html.erb within layouts/application (23.7ms)
  Rendered layouts/_rails_default.html.erb (1911.3ms)
  Rendered layouts/_shim.html.erb (0.6ms)
  Rendered layouts/_header.html.erb (1.7ms)
  Rendered layouts/_footer.html.erb (1.4ms)
Completed 200 OK in 2119ms (Views: 2071.0ms | ActiveRecord: 0.0ms)


Started GET "/bid_items" for 127.0.0.1 at 2016-10-13 09:13:40 -0700
Processing by BidItemsController#index as HTML
  Rendering bid_items/index.html.erb within layouts/application
  [1m[36mBidItem Load (0.1ms)[0m  [1m[34mSELECT "bid_items".* FROM "bid_items"[0m
  Rendered bid_items/index.html.erb within layouts/application (7.3ms)
  Rendered layouts/_rails_default.html.erb (44.0ms)
  Rendered layouts/_shim.html.erb (0.7ms)
  Rendered layouts/_header.html.erb (0.8ms)
  Rendered layouts/_footer.html.erb (0.8ms)
Completed 200 OK in 73ms (Views: 57.1ms | ActiveRecord: 0.6ms)


Started GET "/" for 127.0.0.1 at 2016-10-13 16:45:29 -0700
  [1m[36mActiveRecord::SchemaMigration Load (0.3ms)[0m  [1m[34mSELECT "schema_migrations".* FROM "schema_migrations"[0m
Processing by StaticPagesController#home as HTML
  Rendering static_pages/home.html.erb within layouts/application
  Rendered static_pages/home.html.erb within layouts/application (30.5ms)
  Rendered layouts/_rails_default.html.erb (1777.7ms)
  Rendered layouts/_shim.html.erb (0.4ms)
  Rendered layouts/_header.html.erb (0.8ms)
  Rendered layouts/_footer.html.erb (1.5ms)
Completed 200 OK in 1966ms (Views: 1915.9ms | ActiveRecord: 0.0ms)


Started GET "/bid_items" for 127.0.0.1 at 2016-10-13 16:45:33 -0700
Processing by BidItemsController#index as HTML
  Rendering bid_items/index.html.erb within layouts/application
  [1m[36mBidItem Load (0.4ms)[0m  [1m[34mSELECT "bid_items".* FROM "bid_items"[0m
  Rendered bid_items/index.html.erb within layouts/application (18.0ms)
  Rendered layouts/_rails_default.html.erb (44.6ms)
  Rendered layouts/_shim.html.erb (0.2ms)
  Rendered layouts/_header.html.erb (0.8ms)
  Rendered layouts/_footer.html.erb (0.8ms)
Completed 200 OK in 86ms (Views: 70.7ms | ActiveRecord: 1.6ms)


